<?xml version="1.0" encoding="UTF-8"?>
<!-- Generated by org.testng.reporters.JUnitReportReporter -->
<testsuite hostname="DESKTOP-IEA4V1C" failures="0" tests="1" name="request_chainning.request_chainTest" time="4.181" errors="0" timestamp="2022-02-11T23:52:43 IST" skipped="0">
  <testcase classname="request_chainning.request_chainTest" name="getToDelete" time="4.181"/>
  <system-out/>
</testsuite> <!-- request_chainning.request_chainTest -->
