<?xml version="1.0" encoding="UTF-8"?>
<!-- Generated by org.testng.reporters.JUnitReportReporter -->
<testsuite hostname="DESKTOP-IEA4V1C" failures="0" tests="1" name="crudOperations_Without_BDD.CreateTest" time="26.354" errors="0" timestamp="2022-02-03T12:46:42 IST" skipped="0">
  <testcase classname="crudOperations_Without_BDD.CreateTest" name="createTest" time="26.354"/>
  <system-out/>
</testsuite> <!-- crudOperations_Without_BDD.CreateTest -->
