<?xml version="1.0" encoding="UTF-8"?>
<!-- Generated by org.testng.reporters.JUnitReportReporter -->
<testsuite hostname="DESKTOP-IEA4V1C" failures="0" tests="1" name="Authentication.OAuth2Test" time="6.622" errors="0" timestamp="2022-02-02T14:26:44 IST" skipped="0">
  <testcase classname="Authentication.OAuth2Test" name="oauth2Test" time="6.622"/>
  <system-out/>
</testsuite> <!-- Authentication.OAuth2Test -->
