<?xml version="1.0" encoding="UTF-8"?>
<!-- Generated by org.testng.reporters.JUnitReportReporter -->
<testsuite hostname="DESKTOP-IEA4V1C" failures="0" tests="1" name="Authentication.BarearTokenTest" time="4.277" errors="0" timestamp="2022-02-02T13:18:48 IST" skipped="0">
  <testcase classname="Authentication.BarearTokenTest" name="BarearTokenTest" time="4.277"/>
  <system-out/>
</testsuite> <!-- Authentication.BarearTokenTest -->
