<?xml version="1.0" encoding="UTF-8"?>
<!-- Generated by org.testng.reporters.JUnitReportReporter -->
<testsuite hostname="DESKTOP-IEA4V1C" failures="0" tests="1" name="request_chainning.Resquestchain" time="4.282" errors="0" timestamp="2022-02-11T23:55:05 IST" skipped="0">
  <testcase classname="request_chainning.Resquestchain" name="requestchain" time="4.282"/>
  <system-out/>
</testsuite> <!-- request_chainning.Resquestchain -->
